<?xml version="1.0" encoding="UTF-8"?>
<!-- Generated by org.testng.reporters.JUnitReportReporter -->
<testsuite hostname="DESKTOP-KJQ2V0H" failures="0" tests="1" name="MavenBuildProject.MavenBuild_CommandTest" time="0.009" errors="0" timestamp="03 Mar 2022 11:19:56 GMT" skipped="0">
  <testcase classname="MavenBuildProject.MavenBuild_CommandTest" name="demo" time="0.009"/>
</testsuite> <!-- MavenBuildProject.MavenBuild_CommandTest -->
