<?xml version="1.0" encoding="UTF-8"?>
<!-- Generated by org.testng.reporters.JUnitReportReporter -->
<testsuite hostname="DESKTOP-KJQ2V0H" failures="0" tests="1" name="MavenBuildProject.MavenBuild2_Test" time="0.009" errors="0" timestamp="03 Mar 2022 12:34:30 GMT" skipped="0">
  <testcase classname="MavenBuildProject.MavenBuild2_Test" name="MavenBuild2_Test" time="0.009"/>
</testsuite> <!-- MavenBuildProject.MavenBuild2_Test -->
